This file contains any messages produced by compilers while
running configure, to aid debugging if configure makes a mistake.

It was created by configure, which was
generated by GNU Autoconf 2.65.  Invocation command line was

  $ auto/configure --with-features=huge --enable-rubyinterp --enable-pythoninterp --with-python-config-dir=/usr/lib/python2.7-config --enable-perlinterp --enable-gui=gtk2 --enable-cscope --prefix=/usr --enable-luainterp --with-lua-prefix=/usr/ --srcdir=. --cache-file=auto/config.cache

## --------- ##
## Platform. ##
## --------- ##

hostname = wangshuxiao-vm
uname -m = x86_64
uname -r = 2.6.28-11-generic
uname -s = Linux
uname -v = #42-Ubuntu SMP Fri Apr 17 01:58:03 UTC 2009

/usr/bin/uname -p = unknown
/bin/uname -X     = unknown

/bin/arch              = unknown
/usr/bin/arch -k       = unknown
/usr/convex/getsysinfo = unknown
/usr/bin/hostinfo      = unknown
/bin/machine           = unknown
/usr/bin/oslevel       = unknown
/bin/universe          = unknown

PATH: /usr/local/sbin
PATH: /usr/local/bin
PATH: /usr/sbin
PATH: /usr/bin
PATH: /sbin
PATH: /bin
PATH: /usr/games


## ----------- ##
## Core tests. ##
## ----------- ##

configure:2482: loading cache auto/config.cache
configure:2568: checking whether make sets $(MAKE)
configure:2590: result: yes
configure:2648: checking for gcc
configure:2675: result: gcc
configure:2904: checking for C compiler version
configure:2913: gcc --version >&5
gcc (Ubuntu 4.3.3-5ubuntu4) 4.3.3
Copyright (C) 2008 Free Software Foundation, Inc.
This is free software; see the source for copying conditions.  There is NO
warranty; not even for MERCHANTABILITY or FITNESS FOR A PARTICULAR PURPOSE.

configure:2924: $? = 0
configure:2913: gcc -v >&5
Using built-in specs.
Target: x86_64-linux-gnu
Configured with: ../src/configure -v --with-pkgversion='Ubuntu 4.3.3-5ubuntu4' --with-bugurl=file:///usr/share/doc/gcc-4.3/README.Bugs --enable-languages=c,c++,fortran,objc,obj-c++ --prefix=/usr --enable-shared --with-system-zlib --libexecdir=/usr/lib --without-included-gettext --enable-threads=posix --enable-nls --with-gxx-include-dir=/usr/include/c++/4.3 --program-suffix=-4.3 --enable-clocale=gnu --enable-libstdcxx-debug --enable-objc-gc --enable-mpfr --with-tune=generic --enable-checking=release --build=x86_64-linux-gnu --host=x86_64-linux-gnu --target=x86_64-linux-gnu
Thread model: posix
gcc version 4.3.3 (Ubuntu 4.3.3-5ubuntu4) 
configure:2924: $? = 0
configure:2913: gcc -V >&5
gcc: '-V' option must have argument
configure:2924: $? = 1
configure:2913: gcc -qversion >&5
gcc: unrecognized option '-qversion'
gcc: no input files
configure:2924: $? = 1
configure:2944: checking whether the C compiler works
configure:2966: gcc    conftest.c  >&5
configure:2970: $? = 0
configure:3019: result: yes
configure:3022: checking for C compiler default output file name
configure:3024: result: a.out
configure:3030: checking for suffix of executables
configure:3037: gcc -o conftest    conftest.c  >&5
configure:3041: $? = 0
configure:3063: result: 
configure:3085: checking whether we are cross compiling
configure:3093: gcc -o conftest    conftest.c  >&5
configure:3097: $? = 0
configure:3104: ./conftest
configure:3108: $? = 0
configure:3123: result: no
configure:3128: checking for suffix of object files
configure:3175: result: o
configure:3179: checking whether we are using the GNU C compiler
configure:3207: result: yes
configure:3216: checking whether gcc accepts -g
configure:3277: result: yes
configure:3294: checking for gcc option to accept ISO C89
configure:3371: result: none needed
configure:3395: checking how to run the C preprocessor
configure:3465: result: gcc -E
configure:3485: gcc -E  conftest.c
configure:3485: $? = 0
configure:3499: gcc -E  conftest.c
conftest.c:10:28: error: ac_nonexistent.h: No such file or directory
configure:3499: $? = 1
configure: failed program was:
| /* confdefs.h */
| #define PACKAGE_NAME ""
| #define PACKAGE_TARNAME ""
| #define PACKAGE_VERSION ""
| #define PACKAGE_STRING ""
| #define PACKAGE_BUGREPORT ""
| #define PACKAGE_URL ""
| #define UNIX 1
| /* end confdefs.h.  */
| #include <ac_nonexistent.h>
configure:3528: checking for grep that handles long lines and -e
configure:3586: result: /bin/grep
configure:3591: checking for egrep
configure:3653: result: /bin/grep -E
configure:3667: checking for library containing strerror
configure:3715: result: none required
configure:3726: checking for gawk
configure:3753: result: mawk
configure:3766: checking for strip
configure:3794: result: strip
configure:3805: checking for ANSI C header files
configure:3909: result: yes
configure:3917: checking for sys/wait.h that is POSIX.1 compatible
configure:3950: result: yes
configure:3960: checking --enable-fail-if-missing argument
configure:3969: result: no
configure:4000: checking for buggy tools...
configure:4007: checking for BeOS
configure:4013: result: no
configure:4017: checking for QNX
configure:4024: result: no
configure:4028: checking for Darwin (Mac OS X)
configure:4244: result: no
configure:4252: checking --with-local-dir argument
configure:4276: result: Defaulting to /usr/local
configure:4301: checking --with-vim-name argument
configure:4309: result: Defaulting to vim
configure:4314: checking --with-ex-name argument
configure:4322: result: Defaulting to ex
configure:4327: checking --with-view-name argument
configure:4335: result: Defaulting to view
configure:4341: checking --with-global-runtime argument
configure:4352: result: no
configure:4357: checking --with-modified-by argument
configure:4368: result: no
configure:4373: checking if character set is EBCDIC
configure:4392: gcc -c -g -O2  conftest.c >&5
conftest.c: In function 'main':
conftest.c:21: error: 'make' undeclared (first use in this function)
conftest.c:21: error: (Each undeclared identifier is reported only once
conftest.c:21: error: for each function it appears in.)
conftest.c:21: error: expected ';' before 'an'
configure:4392: $? = 1
configure: failed program was:
| /* confdefs.h */
| #define PACKAGE_NAME ""
| #define PACKAGE_TARNAME ""
| #define PACKAGE_VERSION ""
| #define PACKAGE_STRING ""
| #define PACKAGE_BUGREPORT ""
| #define PACKAGE_URL ""
| #define UNIX 1
| #define STDC_HEADERS 1
| #define HAVE_SYS_WAIT_H 1
| /* end confdefs.h.  */
| 
| int
| main ()
| {
|  /* TryCompile function for CharSet.
|    Treat any failure as ASCII for compatibility with existing art.
|    Use compile-time rather than run-time tests for cross-compiler
|    tolerance.  */
| #if '0'!=240
| make an error "Character set is not EBCDIC"
| #endif
|   ;
|   return 0;
| }
configure:4402: result: no
configure:4463: checking --disable-selinux argument
configure:4473: result: no
configure:4475: checking for is_selinux_enabled in -lselinux
configure:4509: result: yes
configure:4523: checking --with-features argument
configure:4528: result: huge
configure:4559: checking --with-compiledby argument
configure:4567: result: no
configure:4573: checking --disable-xsmp argument
configure:4584: result: no
configure:4586: checking --disable-xsmp-interact argument
configure:4596: result: no
configure:4609: checking --enable-luainterp argument
configure:4618: result: yes
configure:4624: checking --with-lua-prefix argument
configure:4629: result: /usr/
configure:4653: checking --with-luajit
configure:4663: result: no
configure:4734: checking for lua
configure:4764: result: /usr/bin/lua
configure:4773: checking Lua version
configure:4780: result: 5.1
configure:4796: checking if lua.h can be found in /usr//include
configure:4802: result: no
configure:4804: checking if lua.h can be found in /usr//include/lua5.1
configure:4807: result: yes
configure:4842: checking if link with -L/usr//lib -llua5.1 is sane
configure:4857: gcc -o conftest -g -O2   -L/usr/local/lib conftest.c  -lselinux -L/usr//lib -llua5.1 >&5
configure:4857: $? = 0
configure:4858: result: yes
configure:4945: checking --enable-mzschemeinterp argument
configure:4954: result: no
configure:5281: checking --enable-perlinterp argument
configure:5290: result: yes
configure:5296: checking for perl
configure:5326: result: /usr/bin/perl
configure:5335: checking Perl version
configure:5359: result: OK
configure:5375: checking if compile and link flags for Perl are sane
configure:5395: gcc -o conftest -g -O2  -D_REENTRANT -D_GNU_SOURCE -DDEBIAN  -pipe -I/usr/local/include -D_LARGEFILE_SOURCE -D_FILE_OFFSET_BITS=64  -I/usr/lib/perl/5.10/CORE   -Wl,-E   -L/usr/local/lib conftest.c  -lselinux -Wl,-E  -L/usr/local/lib  -L/usr/lib/perl/5.10/CORE -lperl -ldl -lm -lpthread -lcrypt >&5
/usr/bin/ld: cannot find -lperl
collect2: ld returned 1 exit status
configure:5395: $? = 1
configure: failed program was:
| /* confdefs.h */
| #define PACKAGE_NAME ""
| #define PACKAGE_TARNAME ""
| #define PACKAGE_VERSION ""
| #define PACKAGE_STRING ""
| #define PACKAGE_BUGREPORT ""
| #define PACKAGE_URL ""
| #define UNIX 1
| #define STDC_HEADERS 1
| #define HAVE_SYS_WAIT_H 1
| #define HAVE_SELINUX 1
| #define FEAT_HUGE 1
| #define USE_XSMP_INTERACT 1
| #define FEAT_LUA 1
| /* end confdefs.h.  */
| 
| int
| main ()
| {
| 
|   ;
|   return 0;
| }
configure:5399: result: no: PERL DISABLED
configure:5470: checking --enable-pythoninterp argument
configure:5479: result: yes
configure:5486: checking for python2
configure:5516: result: /usr/bin/python
configure:5529: checking Python version
configure:5538: result: 2.6
configure:5541: checking Python is 2.3 or better
configure:5546: result: yep
configure:5549: checking Python's install prefix
configure:5558: result: /usr
configure:5561: checking Python's execution prefix
configure:5570: result: /usr
configure:5592: checking Python's configuration directory
configure:5614: result: /usr/lib/python2.7-config
configure:5673: checking if -pthread should be used
configure:5703: gcc -o conftest -g -O2 -pthread   -L/usr/local/lib conftest.c  -lselinux  >&5
configure:5703: $? = 0
configure:5704: result: yes
configure:5719: checking if compile and link flags for Python are sane
configure:5736: gcc -o conftest -g -O2 -I/usr/include/python2.6 -DPYTHON_HOME='"/usr"' -pthread   -L/usr/local/lib conftest.c  -lselinux  -L/usr/lib/python2.7-config -lpython2.6 >&5
configure:5736: $? = 0
configure:5737: result: yes
configure:5777: checking --enable-python3interp argument
configure:5786: result: no
configure:6238: checking if -fPIE can be added for Python
configure:6255: gcc -o conftest -g -O2 -I/usr/include/python2.6 -DPYTHON_HOME='"/usr"' -pthread -fPIE   -L/usr/local/lib conftest.c  -lselinux  -L/usr/lib/python2.7-config -lpython2.6 >&5
configure:6255: $? = 0
configure:6256: result: yes
configure:6310: checking --enable-tclinterp argument
configure:6319: result: no
configure:6653: checking --enable-rubyinterp argument
configure:6662: result: yes
configure:6665: checking --with-ruby-command argument
configure:6674: result: defaulting to ruby
configure:6680: checking for ruby
configure:6713: result: no
configure:6807: checking --enable-cscope argument
configure:6816: result: yes
configure:6823: checking --enable-workshop argument
configure:6832: result: no
configure:6846: checking --disable-netbeans argument
configure:6856: result: no
configure:6858: checking for socket in -lsocket
configure:6892: result: no
configure:6903: checking for gethostbyname in -lnsl
configure:6937: result: yes
configure:6948: checking whether compiling netbeans integration is possible
configure:6984: gcc -o conftest -g -O2   -L/usr/local/lib conftest.c -lnsl  -lselinux  >&5
configure:6984: $? = 0
configure:6985: result: yes
configure:7006: checking --enable-sniff argument
configure:7015: result: no
configure:7026: checking --enable-multibyte argument
configure:7035: result: no
configure:7042: checking --enable-hangulinput argument
configure:7051: result: no
configure:7054: checking --enable-xim argument
configure:7061: result: defaulting to auto
configure:7066: checking --enable-fontset argument
configure:7075: result: no
configure:7087: checking for xmkmf
configure:7120: result: no
configure:7126: checking for X
configure:7315: result: libraries , headers 
configure:7414: gcc -o conftest -g -O2   -L/usr/local/lib conftest.c -lnsl  -lselinux   -lX11 >&5
configure:7414: $? = 0
configure:7512: checking for gethostbyname
configure:7512: result: yes
configure:7609: checking for connect
configure:7609: result: yes
configure:7658: checking for remove
configure:7658: result: yes
configure:7707: checking for shmat
configure:7707: result: yes
configure:7765: checking for IceConnectionNumber in -lICE
configure:7799: result: yes
configure:7840: checking if X11 header files can be found
configure:7856: gcc -c -g -O2    conftest.c >&5
configure:7856: $? = 0
configure:7857: result: yes
configure:7877: checking for _XdmcpAuthDoIt in -lXdmcp
configure:7911: result: yes
configure:7918: checking for IceOpenConnection in -lICE
configure:7952: result: yes
configure:7960: checking for XpmCreatePixmapFromData in -lXpm
configure:7994: result: yes
configure:8001: checking if X11 header files implicitly declare return values
configure:8020: gcc -c -g -O2   -Werror  conftest.c >&5
configure:8020: $? = 0
configure:8021: result: no
configure:8052: checking size of wchar_t is 2 bytes
configure:8086: result: no
configure:8098: checking --enable-gui argument
configure:8168: result: GTK+ 2.x GUI support
configure:8335: checking --disable-gtktest argument
configure:8345: result: gtk test enabled
configure:8355: checking for pkg-config
configure:8386: result: /usr/bin/pkg-config
configure:8401: checking for GTK - version >= 2.2.0
configure:8468: gcc -o conftest -g -O2 -D_REENTRANT -I/usr/include/gtk-2.0 -I/usr/lib/gtk-2.0/include -I/usr/include/atk-1.0 -I/usr/include/cairo -I/usr/include/pango-1.0 -I/usr/include/pixman-1 -I/usr/include/freetype2 -I/usr/include/directfb -I/usr/include/libpng12 -I/usr/include/glib-2.0 -I/usr/lib/glib-2.0/include     -L/usr/local/lib conftest.c -lnsl  -lselinux  -lgtk-x11-2.0 -lgdk-x11-2.0 -latk-1.0 -lpangoft2-1.0 -lgdk_pixbuf-2.0 -lm -lpangocairo-1.0 -lgio-2.0 -lcairo -lpango-1.0 -lfreetype -lfontconfig -lgobject-2.0 -lgmodule-2.0 -lglib-2.0   >&5
conftest.c: In function 'main':
conftest.c:35: warning: ignoring return value of 'system', declared with attribute warn_unused_result
configure:8468: $? = 0
configure:8468: ./conftest
configure:8468: $? = 0
configure:8483: result: yes; found version 2.16.1
configure:9022: checking for X11/SM/SMlib.h
configure:9022: result: yes
configure:9042: checking for X11/xpm.h
configure:9042: result: yes
configure:9042: checking for X11/Sunkeysym.h
configure:9042: result: yes
configure:9055: checking for XIMText in X11/Xlib.h
configure:9063: result: yes
configure:9076: result: X GUI selected; xim has been enabled
configure:9209: checking for CYGWIN environment
configure:9227: result: no
configure:9247: checking whether toupper is broken
configure:9284: result: no
configure:9292: checking whether __DATE__ and __TIME__ work
configure:9305: gcc -c -g -O2  conftest.c >&5
configure:9305: $? = 0
configure:9306: result: yes
configure:9315: checking whether __attribute__((unused)) is allowed
configure:9328: gcc -c -g -O2  conftest.c >&5
configure:9328: $? = 0
configure:9329: result: yes
configure:9338: checking for elf.h
configure:9338: result: yes
configure:9345: checking for main in -lelf
configure:9373: result: no
configure:9389: checking for dirent.h that defines DIR
configure:9416: result: yes
configure:9430: checking for library containing opendir
configure:9478: result: none required
configure:9586: checking for stdarg.h
configure:9586: result: yes
configure:9586: checking for stdint.h
configure:9586: result: yes
configure:9586: checking for stdlib.h
configure:9586: result: yes
configure:9586: checking for string.h
configure:9586: result: yes
configure:9586: checking for sys/select.h
configure:9586: result: yes
configure:9586: checking for sys/utsname.h
configure:9586: result: yes
configure:9586: checking for termcap.h
configure:9586: result: yes
configure:9586: checking for fcntl.h
configure:9586: result: yes
configure:9586: checking for sgtty.h
configure:9586: result: yes
configure:9586: checking for sys/ioctl.h
configure:9586: result: yes
configure:9586: checking for sys/time.h
configure:9586: result: yes
configure:9586: checking for sys/types.h
configure:9586: result: yes
configure:9586: checking for termio.h
configure:9586: result: yes
configure:9586: checking for iconv.h
configure:9586: result: yes
configure:9586: checking for inttypes.h
configure:9586: result: yes
configure:9586: checking for langinfo.h
configure:9586: result: yes
configure:9586: checking for math.h
configure:9586: result: yes
configure:9586: checking for unistd.h
configure:9586: result: yes
configure:9586: checking for stropts.h
configure:9586: result: yes
configure:9586: checking for errno.h
configure:9586: result: yes
configure:9586: checking for sys/resource.h
configure:9586: result: yes
configure:9586: checking for sys/systeminfo.h
configure:9586: result: no
configure:9586: checking for locale.h
configure:9586: result: yes
configure:9586: checking for sys/stream.h
configure:9586: result: no
configure:9586: checking for termios.h
configure:9586: result: yes
configure:9586: checking for libc.h
configure:9586: result: no
configure:9586: checking for sys/statfs.h
configure:9586: result: yes
configure:9586: checking for poll.h
configure:9586: result: yes
configure:9586: checking for sys/poll.h
configure:9586: result: yes
configure:9586: checking for pwd.h
configure:9586: result: yes
configure:9586: checking for utime.h
configure:9586: result: yes
configure:9586: checking for sys/param.h
configure:9586: result: yes
configure:9586: checking for libintl.h
configure:9586: result: yes
configure:9586: checking for libgen.h
configure:9586: result: yes
configure:9586: checking for util/debug.h
configure:9586: result: no
configure:9586: checking for util/msg18n.h
configure:9586: result: no
configure:9586: checking for frame.h
configure:9586: result: no
configure:9586: checking for sys/acl.h
configure:9586: result: no
configure:9586: checking for sys/access.h
configure:9586: result: no
configure:9586: checking for sys/sysinfo.h
configure:9586: result: yes
configure:9586: checking for wchar.h
configure:9586: result: yes
configure:9586: checking for wctype.h
configure:9586: result: yes
configure:9600: checking for sys/ptem.h
configure:9600: result: no
configure:9616: checking for sys/sysctl.h
configure:9616: result: yes
configure:9631: checking for pthread_np.h
configure:9646: gcc -c -g -O2  conftest.c >&5
conftest.c:66:24: error: pthread_np.h: No such file or directory
configure:9646: $? = 1
configure: failed program was:
| /* confdefs.h */
| #define PACKAGE_NAME ""
| #define PACKAGE_TARNAME ""
| #define PACKAGE_VERSION ""
| #define PACKAGE_STRING ""
| #define PACKAGE_BUGREPORT ""
| #define PACKAGE_URL ""
| #define UNIX 1
| #define STDC_HEADERS 1
| #define HAVE_SYS_WAIT_H 1
| #define HAVE_SELINUX 1
| #define FEAT_HUGE 1
| #define USE_XSMP_INTERACT 1
| #define FEAT_LUA 1
| #define FEAT_PYTHON 1
| #define FEAT_CSCOPE 1
| #define HAVE_LIBNSL 1
| #define FEAT_NETBEANS_INTG 1
| #define HAVE_X11 1
| #define HAVE_GTK_MULTIHEAD 1
| #define HAVE_X11_SM_SMLIB_H 1
| #define HAVE_X11_XPM_H 1
| #define HAVE_X11_SUNKEYSYM_H 1
| #define FEAT_XIM 1
| #define HAVE_DATE_TIME 1
| #define HAVE_ATTRIBUTE_UNUSED 1
| #define HAVE_DIRENT_H 1
| #define HAVE_STDARG_H 1
| #define HAVE_STDINT_H 1
| #define HAVE_STDLIB_H 1
| #define HAVE_STRING_H 1
| #define HAVE_SYS_SELECT_H 1
| #define HAVE_SYS_UTSNAME_H 1
| #define HAVE_TERMCAP_H 1
| #define HAVE_FCNTL_H 1
| #define HAVE_SGTTY_H 1
| #define HAVE_SYS_IOCTL_H 1
| #define HAVE_SYS_TIME_H 1
| #define HAVE_SYS_TYPES_H 1
| #define HAVE_TERMIO_H 1
| #define HAVE_ICONV_H 1
| #define HAVE_INTTYPES_H 1
| #define HAVE_LANGINFO_H 1
| #define HAVE_MATH_H 1
| #define HAVE_UNISTD_H 1
| #define HAVE_STROPTS_H 1
| #define HAVE_ERRNO_H 1
| #define HAVE_SYS_RESOURCE_H 1
| #define HAVE_LOCALE_H 1
| #define HAVE_TERMIOS_H 1
| #define HAVE_SYS_STATFS_H 1
| #define HAVE_POLL_H 1
| #define HAVE_SYS_POLL_H 1
| #define HAVE_PWD_H 1
| #define HAVE_UTIME_H 1
| #define HAVE_SYS_PARAM_H 1
| #define HAVE_LIBINTL_H 1
| #define HAVE_LIBGEN_H 1
| #define HAVE_SYS_SYSINFO_H 1
| #define HAVE_WCHAR_H 1
| #define HAVE_WCTYPE_H 1
| #define HAVE_SYS_SYSCTL_H 1
| /* end confdefs.h.  */
| 
| #include <pthread.h>
| #include <pthread_np.h>
| int
| main ()
| {
| int i; i = 0;
|   ;
|   return 0;
| }
configure:9652: result: no
configure:9659: checking for strings.h
configure:9659: result: yes
configure:9674: checking if strings.h can be included after string.h
configure:9703: gcc -c -g -O2    conftest.c >&5
configure:9703: $? = 0
configure:9704: result: yes
configure:9717: checking whether gcc needs -traditional
configure:9751: result: no
configure:9758: checking for an ANSI C-conforming const
configure:9830: result: yes
configure:9838: checking for working volatile
configure:9864: result: yes
configure:9872: checking for mode_t
configure:9872: result: yes
configure:9883: checking for off_t
configure:9883: result: yes
configure:9894: checking for pid_t
configure:9894: result: yes
configure:9905: checking for size_t
configure:9905: result: yes
configure:9916: checking for uid_t in sys/types.h
configure:9935: result: yes
configure:9946: checking for uint32_t
configure:9946: result: yes
configure:9961: checking whether time.h and sys/time.h may both be included
configure:9988: result: yes
configure:9996: checking for ino_t
configure:9996: result: yes
configure:10007: checking for dev_t
configure:10007: result: yes
configure:10018: checking whether byte ordering is bigendian
configure:10224: result: no
configure:10243: checking for rlim_t
configure:10246: result: (cached) yes
configure:10279: checking for stack_t
configure:10282: result: (cached) yes
configure:10313: checking whether stack_t has an ss_base field
configure:10334: gcc -c -g -O2  conftest.c >&5
conftest.c: In function 'main':
conftest.c:78: error: 'stack_t' has no member named 'ss_base'
configure:10334: $? = 1
configure: failed program was:
| /* confdefs.h */
| #define PACKAGE_NAME ""
| #define PACKAGE_TARNAME ""
| #define PACKAGE_VERSION ""
| #define PACKAGE_STRING ""
| #define PACKAGE_BUGREPORT ""
| #define PACKAGE_URL ""
| #define UNIX 1
| #define STDC_HEADERS 1
| #define HAVE_SYS_WAIT_H 1
| #define HAVE_SELINUX 1
| #define FEAT_HUGE 1
| #define USE_XSMP_INTERACT 1
| #define FEAT_LUA 1
| #define FEAT_PYTHON 1
| #define FEAT_CSCOPE 1
| #define HAVE_LIBNSL 1
| #define FEAT_NETBEANS_INTG 1
| #define HAVE_X11 1
| #define HAVE_GTK_MULTIHEAD 1
| #define HAVE_X11_SM_SMLIB_H 1
| #define HAVE_X11_XPM_H 1
| #define HAVE_X11_SUNKEYSYM_H 1
| #define FEAT_XIM 1
| #define HAVE_DATE_TIME 1
| #define HAVE_ATTRIBUTE_UNUSED 1
| #define HAVE_DIRENT_H 1
| #define HAVE_STDARG_H 1
| #define HAVE_STDINT_H 1
| #define HAVE_STDLIB_H 1
| #define HAVE_STRING_H 1
| #define HAVE_SYS_SELECT_H 1
| #define HAVE_SYS_UTSNAME_H 1
| #define HAVE_TERMCAP_H 1
| #define HAVE_FCNTL_H 1
| #define HAVE_SGTTY_H 1
| #define HAVE_SYS_IOCTL_H 1
| #define HAVE_SYS_TIME_H 1
| #define HAVE_SYS_TYPES_H 1
| #define HAVE_TERMIO_H 1
| #define HAVE_ICONV_H 1
| #define HAVE_INTTYPES_H 1
| #define HAVE_LANGINFO_H 1
| #define HAVE_MATH_H 1
| #define HAVE_UNISTD_H 1
| #define HAVE_STROPTS_H 1
| #define HAVE_ERRNO_H 1
| #define HAVE_SYS_RESOURCE_H 1
| #define HAVE_LOCALE_H 1
| #define HAVE_TERMIOS_H 1
| #define HAVE_SYS_STATFS_H 1
| #define HAVE_POLL_H 1
| #define HAVE_SYS_POLL_H 1
| #define HAVE_PWD_H 1
| #define HAVE_UTIME_H 1
| #define HAVE_SYS_PARAM_H 1
| #define HAVE_LIBINTL_H 1
| #define HAVE_LIBGEN_H 1
| #define HAVE_SYS_SYSINFO_H 1
| #define HAVE_WCHAR_H 1
| #define HAVE_WCTYPE_H 1
| #define HAVE_SYS_SYSCTL_H 1
| #define HAVE_STRINGS_H 1
| #define TIME_WITH_SYS_TIME 1
| /* end confdefs.h.  */
| 
| #include <sys/types.h>
| #if STDC_HEADERS
| # include <stdlib.h>
| # include <stddef.h>
| #endif
| #include <signal.h>
| #include "confdefs.h"
| 
| int
| main ()
| {
| stack_t sigstk; sigstk.ss_base = 0;
|   ;
|   return 0;
| }
configure:10339: result: no
configure:10345: checking --with-tlib argument
configure:10380: result: empty: automatic terminal library selection
configure:10388: checking for tgetent in -ltinfo
configure:10423: result: no
configure:10388: checking for tgetent in -lncurses
configure:10423: result: yes
configure:10451: gcc -o conftest -g -O2   -L/usr/local/lib conftest.c -lncurses -lnsl  -lselinux  >&5
configure:10451: $? = 0
configure:10451: ./conftest
configure:10451: $? = 0
configure:10500: checking whether we talk terminfo
configure:10544: result: yes
configure:10553: checking what tgetent() returns for an unknown terminal
configure:10594: result: zero
configure:10603: checking whether termcap.h contains ospeed
configure:10620: gcc -o conftest -g -O2   -L/usr/local/lib conftest.c -lncurses -lnsl  -lselinux  >&5
configure:10620: $? = 0
configure:10621: result: yes
configure:10660: checking whether termcap.h contains UP, BC and PC
configure:10677: gcc -o conftest -g -O2   -L/usr/local/lib conftest.c -lncurses -lnsl  -lselinux  >&5
configure:10677: $? = 0
configure:10678: result: yes
configure:10717: checking whether tputs() uses outfuntype
configure:10734: gcc -c -g -O2  conftest.c >&5
conftest.c: In function 'main':
conftest.c:79: error: 'outfuntype' undeclared (first use in this function)
conftest.c:79: error: (Each undeclared identifier is reported only once
conftest.c:79: error: for each function it appears in.)
conftest.c:79: error: expected ')' before 'xx'
configure:10734: $? = 1
configure: failed program was:
| /* confdefs.h */
| #define PACKAGE_NAME ""
| #define PACKAGE_TARNAME ""
| #define PACKAGE_VERSION ""
| #define PACKAGE_STRING ""
| #define PACKAGE_BUGREPORT ""
| #define PACKAGE_URL ""
| #define UNIX 1
| #define STDC_HEADERS 1
| #define HAVE_SYS_WAIT_H 1
| #define HAVE_SELINUX 1
| #define FEAT_HUGE 1
| #define USE_XSMP_INTERACT 1
| #define FEAT_LUA 1
| #define FEAT_PYTHON 1
| #define FEAT_CSCOPE 1
| #define HAVE_LIBNSL 1
| #define FEAT_NETBEANS_INTG 1
| #define HAVE_X11 1
| #define HAVE_GTK_MULTIHEAD 1
| #define HAVE_X11_SM_SMLIB_H 1
| #define HAVE_X11_XPM_H 1
| #define HAVE_X11_SUNKEYSYM_H 1
| #define FEAT_XIM 1
| #define HAVE_DATE_TIME 1
| #define HAVE_ATTRIBUTE_UNUSED 1
| #define HAVE_DIRENT_H 1
| #define HAVE_STDARG_H 1
| #define HAVE_STDINT_H 1
| #define HAVE_STDLIB_H 1
| #define HAVE_STRING_H 1
| #define HAVE_SYS_SELECT_H 1
| #define HAVE_SYS_UTSNAME_H 1
| #define HAVE_TERMCAP_H 1
| #define HAVE_FCNTL_H 1
| #define HAVE_SGTTY_H 1
| #define HAVE_SYS_IOCTL_H 1
| #define HAVE_SYS_TIME_H 1
| #define HAVE_SYS_TYPES_H 1
| #define HAVE_TERMIO_H 1
| #define HAVE_ICONV_H 1
| #define HAVE_INTTYPES_H 1
| #define HAVE_LANGINFO_H 1
| #define HAVE_MATH_H 1
| #define HAVE_UNISTD_H 1
| #define HAVE_STROPTS_H 1
| #define HAVE_ERRNO_H 1
| #define HAVE_SYS_RESOURCE_H 1
| #define HAVE_LOCALE_H 1
| #define HAVE_TERMIOS_H 1
| #define HAVE_SYS_STATFS_H 1
| #define HAVE_POLL_H 1
| #define HAVE_SYS_POLL_H 1
| #define HAVE_PWD_H 1
| #define HAVE_UTIME_H 1
| #define HAVE_SYS_PARAM_H 1
| #define HAVE_LIBINTL_H 1
| #define HAVE_LIBGEN_H 1
| #define HAVE_SYS_SYSINFO_H 1
| #define HAVE_WCHAR_H 1
| #define HAVE_WCTYPE_H 1
| #define HAVE_SYS_SYSCTL_H 1
| #define HAVE_STRINGS_H 1
| #define TIME_WITH_SYS_TIME 1
| #define HAVE_LIBNCURSES 1
| #define TERMINFO 1
| #define TGETENT_ZERO_ERR 0
| #define HAVE_OSPEED 1
| #define HAVE_UP_BC_PC 1
| /* end confdefs.h.  */
| 
| #ifdef HAVE_TERMCAP_H
| # include <termcap.h>
| #endif
| 
| int
| main ()
| {
| extern int xx(); tputs("test", 1, (outfuntype)xx)
|   ;
|   return 0;
| }
configure:10739: result: no
configure:10744: checking whether sys/select.h and sys/time.h may both be included
configure:10760: gcc -c -g -O2  conftest.c >&5
configure:10760: $? = 0
configure:10761: result: yes
configure:10772: checking for /dev/ptc
configure:10780: result: no
configure:10784: checking for SVR4 ptys
configure:10798: gcc -o conftest -g -O2   -L/usr/local/lib conftest.c -lncurses -lnsl  -lselinux  >&5
configure:10798: $? = 0
configure:10799: result: yes
configure:10813: checking for ptyranges
configure:10849: result: don't know
configure:10854: checking default tty permissions/group
configure:10933: result: world
configure:10951: checking return type of signal handlers
configure:10976: result: void
configure:10993: checking for struct sigcontext
configure:11013: gcc -c -g -O2  conftest.c >&5
configure:11013: $? = 0
configure:11014: result: yes
configure:11024: checking getcwd implementation is broken
configure:11067: result: no
configure:11084: checking for bcmp
configure:11084: result: yes
configure:11084: checking for fchdir
configure:11084: result: yes
configure:11084: checking for fchown
configure:11084: result: yes
configure:11084: checking for fsync
configure:11084: result: yes
configure:11084: checking for getcwd
configure:11084: result: yes
configure:11084: checking for getpseudotty
configure:11084: result: no
configure:11084: checking for getpwent
configure:11084: result: yes
configure:11084: checking for getpwnam
configure:11084: result: yes
configure:11084: checking for getpwuid
configure:11084: result: yes
configure:11084: checking for getrlimit
configure:11084: result: yes
configure:11084: checking for gettimeofday
configure:11084: result: yes
configure:11084: checking for getwd
configure:11084: result: yes
configure:11084: checking for lstat
configure:11084: result: yes
configure:11084: checking for memcmp
configure:11084: result: yes
configure:11084: checking for memset
configure:11084: result: yes
configure:11084: checking for mkdtemp
configure:11084: result: yes
configure:11084: checking for nanosleep
configure:11084: result: yes
configure:11084: checking for opendir
configure:11084: result: yes
configure:11084: checking for putenv
configure:11084: result: yes
configure:11084: checking for qsort
configure:11084: result: yes
configure:11084: checking for readlink
configure:11084: result: yes
configure:11084: checking for select
configure:11084: result: yes
configure:11084: checking for setenv
configure:11084: result: yes
configure:11084: checking for setpgid
configure:11084: result: yes
configure:11084: checking for setsid
configure:11084: result: yes
configure:11084: checking for sigaltstack
configure:11084: result: yes
configure:11084: checking for sigstack
configure:11084: result: yes
configure:11084: checking for sigset
configure:11084: result: yes
configure:11084: checking for sigsetjmp
configure:11084: result: no
configure:11084: checking for sigaction
configure:11084: result: yes
configure:11084: checking for sigvec
configure:11084: result: yes
configure:11084: checking for strcasecmp
configure:11084: result: yes
configure:11084: checking for strerror
configure:11084: result: yes
configure:11084: checking for strftime
configure:11084: result: yes
configure:11084: checking for stricmp
configure:11084: result: no
configure:11084: checking for strncasecmp
configure:11084: result: yes
configure:11084: checking for strnicmp
configure:11084: result: no
configure:11084: checking for strpbrk
configure:11084: result: yes
configure:11084: checking for strtol
configure:11084: result: yes
configure:11084: checking for tgetent
configure:11084: result: yes
configure:11084: checking for towlower
configure:11084: result: yes
configure:11084: checking for towupper
configure:11084: result: yes
configure:11084: checking for iswupper
configure:11084: result: yes
configure:11084: checking for usleep
configure:11084: result: yes
configure:11084: checking for utime
configure:11084: result: yes
configure:11084: checking for utimes
configure:11084: result: yes
configure:11094: checking for _LARGEFILE_SOURCE value needed for large files
configure:11141: result: no
configure:11170: checking for special C compiler options needed for large files
configure:11215: result: no
configure:11221: checking for _FILE_OFFSET_BITS value needed for large files
configure:11278: result: no
configure:11362: checking for st_blksize
configure:11380: gcc -c -g -O2  conftest.c >&5
configure:11380: $? = 0
configure:11381: result: yes
configure:11390: checking whether stat() ignores a trailing slash
configure:11429: result: no
configure:11437: checking for iconv_open()
configure:11456: gcc -o conftest -g -O2   -L/usr/local/lib conftest.c -lncurses -lnsl  -lselinux  -liconv >&5
/usr/bin/ld: cannot find -liconv
collect2: ld returned 1 exit status
configure:11456: $? = 1
configure: failed program was:
| /* confdefs.h */
| #define PACKAGE_NAME ""
| #define PACKAGE_TARNAME ""
| #define PACKAGE_VERSION ""
| #define PACKAGE_STRING ""
| #define PACKAGE_BUGREPORT ""
| #define PACKAGE_URL ""
| #define UNIX 1
| #define STDC_HEADERS 1
| #define HAVE_SYS_WAIT_H 1
| #define HAVE_SELINUX 1
| #define FEAT_HUGE 1
| #define USE_XSMP_INTERACT 1
| #define FEAT_LUA 1
| #define FEAT_PYTHON 1
| #define FEAT_CSCOPE 1
| #define HAVE_LIBNSL 1
| #define FEAT_NETBEANS_INTG 1
| #define HAVE_X11 1
| #define HAVE_GTK_MULTIHEAD 1
| #define HAVE_X11_SM_SMLIB_H 1
| #define HAVE_X11_XPM_H 1
| #define HAVE_X11_SUNKEYSYM_H 1
| #define FEAT_XIM 1
| #define HAVE_DATE_TIME 1
| #define HAVE_ATTRIBUTE_UNUSED 1
| #define HAVE_DIRENT_H 1
| #define HAVE_STDARG_H 1
| #define HAVE_STDINT_H 1
| #define HAVE_STDLIB_H 1
| #define HAVE_STRING_H 1
| #define HAVE_SYS_SELECT_H 1
| #define HAVE_SYS_UTSNAME_H 1
| #define HAVE_TERMCAP_H 1
| #define HAVE_FCNTL_H 1
| #define HAVE_SGTTY_H 1
| #define HAVE_SYS_IOCTL_H 1
| #define HAVE_SYS_TIME_H 1
| #define HAVE_SYS_TYPES_H 1
| #define HAVE_TERMIO_H 1
| #define HAVE_ICONV_H 1
| #define HAVE_INTTYPES_H 1
| #define HAVE_LANGINFO_H 1
| #define HAVE_MATH_H 1
| #define HAVE_UNISTD_H 1
| #define HAVE_STROPTS_H 1
| #define HAVE_ERRNO_H 1
| #define HAVE_SYS_RESOURCE_H 1
| #define HAVE_LOCALE_H 1
| #define HAVE_TERMIOS_H 1
| #define HAVE_SYS_STATFS_H 1
| #define HAVE_POLL_H 1
| #define HAVE_SYS_POLL_H 1
| #define HAVE_PWD_H 1
| #define HAVE_UTIME_H 1
| #define HAVE_SYS_PARAM_H 1
| #define HAVE_LIBINTL_H 1
| #define HAVE_LIBGEN_H 1
| #define HAVE_SYS_SYSINFO_H 1
| #define HAVE_WCHAR_H 1
| #define HAVE_WCTYPE_H 1
| #define HAVE_SYS_SYSCTL_H 1
| #define HAVE_STRINGS_H 1
| #define TIME_WITH_SYS_TIME 1
| #define HAVE_LIBNCURSES 1
| #define TERMINFO 1
| #define TGETENT_ZERO_ERR 0
| #define HAVE_OSPEED 1
| #define HAVE_UP_BC_PC 1
| #define SYS_SELECT_WITH_SYS_TIME 1
| #define HAVE_SVR4_PTYS 1
| #define RETSIGTYPE void
| #define SIGRETURN return
| #define HAVE_SIGCONTEXT 1
| #define HAVE_BCMP 1
| #define HAVE_FCHDIR 1
| #define HAVE_FCHOWN 1
| #define HAVE_FSYNC 1
| #define HAVE_GETCWD 1
| #define HAVE_GETPWENT 1
| #define HAVE_GETPWNAM 1
| #define HAVE_GETPWUID 1
| #define HAVE_GETRLIMIT 1
| #define HAVE_GETTIMEOFDAY 1
| #define HAVE_GETWD 1
| #define HAVE_LSTAT 1
| #define HAVE_MEMCMP 1
| #define HAVE_MEMSET 1
| #define HAVE_MKDTEMP 1
| #define HAVE_NANOSLEEP 1
| #define HAVE_OPENDIR 1
| #define HAVE_PUTENV 1
| #define HAVE_QSORT 1
| #define HAVE_READLINK 1
| #define HAVE_SELECT 1
| #define HAVE_SETENV 1
| #define HAVE_SETPGID 1
| #define HAVE_SETSID 1
| #define HAVE_SIGALTSTACK 1
| #define HAVE_SIGSTACK 1
| #define HAVE_SIGSET 1
| #define HAVE_SIGACTION 1
| #define HAVE_SIGVEC 1
| #define HAVE_STRCASECMP 1
| #define HAVE_STRERROR 1
| #define HAVE_STRFTIME 1
| #define HAVE_STRNCASECMP 1
| #define HAVE_STRPBRK 1
| #define HAVE_STRTOL 1
| #define HAVE_TGETENT 1
| #define HAVE_TOWLOWER 1
| #define HAVE_TOWUPPER 1
| #define HAVE_ISWUPPER 1
| #define HAVE_USLEEP 1
| #define HAVE_UTIME 1
| #define HAVE_UTIMES 1
| #define HAVE_FSEEKO 1
| #define HAVE_ST_BLKSIZE 1
| /* end confdefs.h.  */
| 
| #ifdef HAVE_ICONV_H
| # include <iconv.h>
| #endif
| 
| int
| main ()
| {
| iconv_open("fr", "to");
|   ;
|   return 0;
| }
configure:11477: gcc -o conftest -g -O2   -L/usr/local/lib conftest.c -lncurses -lnsl  -lselinux  >&5
configure:11477: $? = 0
configure:11478: result: yes
configure:11492: checking for nl_langinfo(CODESET)
configure:11509: gcc -o conftest -g -O2   -L/usr/local/lib conftest.c -lncurses -lnsl  -lselinux  >&5
configure:11509: $? = 0
configure:11510: result: yes
configure:11520: checking for strtod in -lm
configure:11554: result: yes
configure:11565: checking for strtod() and other floating point functions
configure:11597: gcc -o conftest -g -O2   -L/usr/local/lib conftest.c -lm -lncurses -lnsl  -lselinux  >&5
configure:11597: $? = 0
configure:11598: result: yes
configure:11608: checking --disable-acl argument
configure:11618: result: no
configure:11620: checking for acl_get_file in -lposix1e
configure:11654: result: no
configure:11659: checking for acl_get_file in -lacl
configure:11693: result: no
configure:11742: checking for POSIX ACL support
configure:11762: gcc -o conftest -g -O2   -L/usr/local/lib conftest.c -lm -lncurses -lnsl  -lselinux  >&5
conftest.c:129: error: expected '=', ',', ';', 'asm' or '__attribute__' before 'acl'
conftest.c: In function 'main':
conftest.c:133: error: 'acl' undeclared (first use in this function)
conftest.c:133: error: (Each undeclared identifier is reported only once
conftest.c:133: error: for each function it appears in.)
conftest.c:133: error: 'ACL_TYPE_ACCESS' undeclared (first use in this function)
configure:11762: $? = 1
configure: failed program was:
| /* confdefs.h */
| #define PACKAGE_NAME ""
| #define PACKAGE_TARNAME ""
| #define PACKAGE_VERSION ""
| #define PACKAGE_STRING ""
| #define PACKAGE_BUGREPORT ""
| #define PACKAGE_URL ""
| #define UNIX 1
| #define STDC_HEADERS 1
| #define HAVE_SYS_WAIT_H 1
| #define HAVE_SELINUX 1
| #define FEAT_HUGE 1
| #define USE_XSMP_INTERACT 1
| #define FEAT_LUA 1
| #define FEAT_PYTHON 1
| #define FEAT_CSCOPE 1
| #define HAVE_LIBNSL 1
| #define FEAT_NETBEANS_INTG 1
| #define HAVE_X11 1
| #define HAVE_GTK_MULTIHEAD 1
| #define HAVE_X11_SM_SMLIB_H 1
| #define HAVE_X11_XPM_H 1
| #define HAVE_X11_SUNKEYSYM_H 1
| #define FEAT_XIM 1
| #define HAVE_DATE_TIME 1
| #define HAVE_ATTRIBUTE_UNUSED 1
| #define HAVE_DIRENT_H 1
| #define HAVE_STDARG_H 1
| #define HAVE_STDINT_H 1
| #define HAVE_STDLIB_H 1
| #define HAVE_STRING_H 1
| #define HAVE_SYS_SELECT_H 1
| #define HAVE_SYS_UTSNAME_H 1
| #define HAVE_TERMCAP_H 1
| #define HAVE_FCNTL_H 1
| #define HAVE_SGTTY_H 1
| #define HAVE_SYS_IOCTL_H 1
| #define HAVE_SYS_TIME_H 1
| #define HAVE_SYS_TYPES_H 1
| #define HAVE_TERMIO_H 1
| #define HAVE_ICONV_H 1
| #define HAVE_INTTYPES_H 1
| #define HAVE_LANGINFO_H 1
| #define HAVE_MATH_H 1
| #define HAVE_UNISTD_H 1
| #define HAVE_STROPTS_H 1
| #define HAVE_ERRNO_H 1
| #define HAVE_SYS_RESOURCE_H 1
| #define HAVE_LOCALE_H 1
| #define HAVE_TERMIOS_H 1
| #define HAVE_SYS_STATFS_H 1
| #define HAVE_POLL_H 1
| #define HAVE_SYS_POLL_H 1
| #define HAVE_PWD_H 1
| #define HAVE_UTIME_H 1
| #define HAVE_SYS_PARAM_H 1
| #define HAVE_LIBINTL_H 1
| #define HAVE_LIBGEN_H 1
| #define HAVE_SYS_SYSINFO_H 1
| #define HAVE_WCHAR_H 1
| #define HAVE_WCTYPE_H 1
| #define HAVE_SYS_SYSCTL_H 1
| #define HAVE_STRINGS_H 1
| #define TIME_WITH_SYS_TIME 1
| #define HAVE_LIBNCURSES 1
| #define TERMINFO 1
| #define TGETENT_ZERO_ERR 0
| #define HAVE_OSPEED 1
| #define HAVE_UP_BC_PC 1
| #define SYS_SELECT_WITH_SYS_TIME 1
| #define HAVE_SVR4_PTYS 1
| #define RETSIGTYPE void
| #define SIGRETURN return
| #define HAVE_SIGCONTEXT 1
| #define HAVE_BCMP 1
| #define HAVE_FCHDIR 1
| #define HAVE_FCHOWN 1
| #define HAVE_FSYNC 1
| #define HAVE_GETCWD 1
| #define HAVE_GETPWENT 1
| #define HAVE_GETPWNAM 1
| #define HAVE_GETPWUID 1
| #define HAVE_GETRLIMIT 1
| #define HAVE_GETTIMEOFDAY 1
| #define HAVE_GETWD 1
| #define HAVE_LSTAT 1
| #define HAVE_MEMCMP 1
| #define HAVE_MEMSET 1
| #define HAVE_MKDTEMP 1
| #define HAVE_NANOSLEEP 1
| #define HAVE_OPENDIR 1
| #define HAVE_PUTENV 1
| #define HAVE_QSORT 1
| #define HAVE_READLINK 1
| #define HAVE_SELECT 1
| #define HAVE_SETENV 1
| #define HAVE_SETPGID 1
| #define HAVE_SETSID 1
| #define HAVE_SIGALTSTACK 1
| #define HAVE_SIGSTACK 1
| #define HAVE_SIGSET 1
| #define HAVE_SIGACTION 1
| #define HAVE_SIGVEC 1
| #define HAVE_STRCASECMP 1
| #define HAVE_STRERROR 1
| #define HAVE_STRFTIME 1
| #define HAVE_STRNCASECMP 1
| #define HAVE_STRPBRK 1
| #define HAVE_STRTOL 1
| #define HAVE_TGETENT 1
| #define HAVE_TOWLOWER 1
| #define HAVE_TOWUPPER 1
| #define HAVE_ISWUPPER 1
| #define HAVE_USLEEP 1
| #define HAVE_UTIME 1
| #define HAVE_UTIMES 1
| #define HAVE_FSEEKO 1
| #define HAVE_ST_BLKSIZE 1
| #define HAVE_ICONV 1
| #define HAVE_NL_LANGINFO_CODESET 1
| #define HAVE_LIBM 1
| #define HAVE_FLOAT_FUNCS 1
| /* end confdefs.h.  */
| 
| #include <sys/types.h>
| #ifdef HAVE_SYS_ACL_H
| # include <sys/acl.h>
| #endif
| acl_t acl;
| int
| main ()
| {
| acl = acl_get_file("foo", ACL_TYPE_ACCESS);
| 	acl_set_file("foo", ACL_TYPE_ACCESS, acl);
| 	acl_free(acl);
|   ;
|   return 0;
| }
configure:11767: result: no
configure:11773: checking for acl_get in -lsec
configure:11807: result: no
configure:11813: checking for Solaris ACL support
configure:11830: gcc -o conftest -g -O2   -L/usr/local/lib conftest.c -lm -lncurses -lnsl  -lselinux  >&5
conftest.c: In function 'main':
conftest.c:131: error: 'GETACLCNT' undeclared (first use in this function)
conftest.c:131: error: (Each undeclared identifier is reported only once
conftest.c:131: error: for each function it appears in.)
conftest.c:131: error: 'NULL' undeclared (first use in this function)
configure:11830: $? = 1
configure: failed program was:
| /* confdefs.h */
| #define PACKAGE_NAME ""
| #define PACKAGE_TARNAME ""
| #define PACKAGE_VERSION ""
| #define PACKAGE_STRING ""
| #define PACKAGE_BUGREPORT ""
| #define PACKAGE_URL ""
| #define UNIX 1
| #define STDC_HEADERS 1
| #define HAVE_SYS_WAIT_H 1
| #define HAVE_SELINUX 1
| #define FEAT_HUGE 1
| #define USE_XSMP_INTERACT 1
| #define FEAT_LUA 1
| #define FEAT_PYTHON 1
| #define FEAT_CSCOPE 1
| #define HAVE_LIBNSL 1
| #define FEAT_NETBEANS_INTG 1
| #define HAVE_X11 1
| #define HAVE_GTK_MULTIHEAD 1
| #define HAVE_X11_SM_SMLIB_H 1
| #define HAVE_X11_XPM_H 1
| #define HAVE_X11_SUNKEYSYM_H 1
| #define FEAT_XIM 1
| #define HAVE_DATE_TIME 1
| #define HAVE_ATTRIBUTE_UNUSED 1
| #define HAVE_DIRENT_H 1
| #define HAVE_STDARG_H 1
| #define HAVE_STDINT_H 1
| #define HAVE_STDLIB_H 1
| #define HAVE_STRING_H 1
| #define HAVE_SYS_SELECT_H 1
| #define HAVE_SYS_UTSNAME_H 1
| #define HAVE_TERMCAP_H 1
| #define HAVE_FCNTL_H 1
| #define HAVE_SGTTY_H 1
| #define HAVE_SYS_IOCTL_H 1
| #define HAVE_SYS_TIME_H 1
| #define HAVE_SYS_TYPES_H 1
| #define HAVE_TERMIO_H 1
| #define HAVE_ICONV_H 1
| #define HAVE_INTTYPES_H 1
| #define HAVE_LANGINFO_H 1
| #define HAVE_MATH_H 1
| #define HAVE_UNISTD_H 1
| #define HAVE_STROPTS_H 1
| #define HAVE_ERRNO_H 1
| #define HAVE_SYS_RESOURCE_H 1
| #define HAVE_LOCALE_H 1
| #define HAVE_TERMIOS_H 1
| #define HAVE_SYS_STATFS_H 1
| #define HAVE_POLL_H 1
| #define HAVE_SYS_POLL_H 1
| #define HAVE_PWD_H 1
| #define HAVE_UTIME_H 1
| #define HAVE_SYS_PARAM_H 1
| #define HAVE_LIBINTL_H 1
| #define HAVE_LIBGEN_H 1
| #define HAVE_SYS_SYSINFO_H 1
| #define HAVE_WCHAR_H 1
| #define HAVE_WCTYPE_H 1
| #define HAVE_SYS_SYSCTL_H 1
| #define HAVE_STRINGS_H 1
| #define TIME_WITH_SYS_TIME 1
| #define HAVE_LIBNCURSES 1
| #define TERMINFO 1
| #define TGETENT_ZERO_ERR 0
| #define HAVE_OSPEED 1
| #define HAVE_UP_BC_PC 1
| #define SYS_SELECT_WITH_SYS_TIME 1
| #define HAVE_SVR4_PTYS 1
| #define RETSIGTYPE void
| #define SIGRETURN return
| #define HAVE_SIGCONTEXT 1
| #define HAVE_BCMP 1
| #define HAVE_FCHDIR 1
| #define HAVE_FCHOWN 1
| #define HAVE_FSYNC 1
| #define HAVE_GETCWD 1
| #define HAVE_GETPWENT 1
| #define HAVE_GETPWNAM 1
| #define HAVE_GETPWUID 1
| #define HAVE_GETRLIMIT 1
| #define HAVE_GETTIMEOFDAY 1
| #define HAVE_GETWD 1
| #define HAVE_LSTAT 1
| #define HAVE_MEMCMP 1
| #define HAVE_MEMSET 1
| #define HAVE_MKDTEMP 1
| #define HAVE_NANOSLEEP 1
| #define HAVE_OPENDIR 1
| #define HAVE_PUTENV 1
| #define HAVE_QSORT 1
| #define HAVE_READLINK 1
| #define HAVE_SELECT 1
| #define HAVE_SETENV 1
| #define HAVE_SETPGID 1
| #define HAVE_SETSID 1
| #define HAVE_SIGALTSTACK 1
| #define HAVE_SIGSTACK 1
| #define HAVE_SIGSET 1
| #define HAVE_SIGACTION 1
| #define HAVE_SIGVEC 1
| #define HAVE_STRCASECMP 1
| #define HAVE_STRERROR 1
| #define HAVE_STRFTIME 1
| #define HAVE_STRNCASECMP 1
| #define HAVE_STRPBRK 1
| #define HAVE_STRTOL 1
| #define HAVE_TGETENT 1
| #define HAVE_TOWLOWER 1
| #define HAVE_TOWUPPER 1
| #define HAVE_ISWUPPER 1
| #define HAVE_USLEEP 1
| #define HAVE_UTIME 1
| #define HAVE_UTIMES 1
| #define HAVE_FSEEKO 1
| #define HAVE_ST_BLKSIZE 1
| #define HAVE_ICONV 1
| #define HAVE_NL_LANGINFO_CODESET 1
| #define HAVE_LIBM 1
| #define HAVE_FLOAT_FUNCS 1
| /* end confdefs.h.  */
| 
| #ifdef HAVE_SYS_ACL_H
| # include <sys/acl.h>
| #endif
| int
| main ()
| {
| acl("foo", GETACLCNT, 0, NULL);
| 
|   ;
|   return 0;
| }
configure:11835: result: no
configure:11843: checking for AIX ACL support
configure:11875: gcc -o conftest -g -O2   -L/usr/local/lib conftest.c -lm -lncurses -lnsl  -lselinux  >&5
conftest.c: In function 'main':
conftest.c:144: error: invalid application of 'sizeof' to incomplete type 'struct acl' 
conftest.c:146: error: 'STX_NORMAL' undeclared (first use in this function)
conftest.c:146: error: (Each undeclared identifier is reported only once
conftest.c:146: error: for each function it appears in.)
configure:11875: $? = 1
configure: failed program was:
| /* confdefs.h */
| #define PACKAGE_NAME ""
| #define PACKAGE_TARNAME ""
| #define PACKAGE_VERSION ""
| #define PACKAGE_STRING ""
| #define PACKAGE_BUGREPORT ""
| #define PACKAGE_URL ""
| #define UNIX 1
| #define STDC_HEADERS 1
| #define HAVE_SYS_WAIT_H 1
| #define HAVE_SELINUX 1
| #define FEAT_HUGE 1
| #define USE_XSMP_INTERACT 1
| #define FEAT_LUA 1
| #define FEAT_PYTHON 1
| #define FEAT_CSCOPE 1
| #define HAVE_LIBNSL 1
| #define FEAT_NETBEANS_INTG 1
| #define HAVE_X11 1
| #define HAVE_GTK_MULTIHEAD 1
| #define HAVE_X11_SM_SMLIB_H 1
| #define HAVE_X11_XPM_H 1
| #define HAVE_X11_SUNKEYSYM_H 1
| #define FEAT_XIM 1
| #define HAVE_DATE_TIME 1
| #define HAVE_ATTRIBUTE_UNUSED 1
| #define HAVE_DIRENT_H 1
| #define HAVE_STDARG_H 1
| #define HAVE_STDINT_H 1
| #define HAVE_STDLIB_H 1
| #define HAVE_STRING_H 1
| #define HAVE_SYS_SELECT_H 1
| #define HAVE_SYS_UTSNAME_H 1
| #define HAVE_TERMCAP_H 1
| #define HAVE_FCNTL_H 1
| #define HAVE_SGTTY_H 1
| #define HAVE_SYS_IOCTL_H 1
| #define HAVE_SYS_TIME_H 1
| #define HAVE_SYS_TYPES_H 1
| #define HAVE_TERMIO_H 1
| #define HAVE_ICONV_H 1
| #define HAVE_INTTYPES_H 1
| #define HAVE_LANGINFO_H 1
| #define HAVE_MATH_H 1
| #define HAVE_UNISTD_H 1
| #define HAVE_STROPTS_H 1
| #define HAVE_ERRNO_H 1
| #define HAVE_SYS_RESOURCE_H 1
| #define HAVE_LOCALE_H 1
| #define HAVE_TERMIOS_H 1
| #define HAVE_SYS_STATFS_H 1
| #define HAVE_POLL_H 1
| #define HAVE_SYS_POLL_H 1
| #define HAVE_PWD_H 1
| #define HAVE_UTIME_H 1
| #define HAVE_SYS_PARAM_H 1
| #define HAVE_LIBINTL_H 1
| #define HAVE_LIBGEN_H 1
| #define HAVE_SYS_SYSINFO_H 1
| #define HAVE_WCHAR_H 1
| #define HAVE_WCTYPE_H 1
| #define HAVE_SYS_SYSCTL_H 1
| #define HAVE_STRINGS_H 1
| #define TIME_WITH_SYS_TIME 1
| #define HAVE_LIBNCURSES 1
| #define TERMINFO 1
| #define TGETENT_ZERO_ERR 0
| #define HAVE_OSPEED 1
| #define HAVE_UP_BC_PC 1
| #define SYS_SELECT_WITH_SYS_TIME 1
| #define HAVE_SVR4_PTYS 1
| #define RETSIGTYPE void
| #define SIGRETURN return
| #define HAVE_SIGCONTEXT 1
| #define HAVE_BCMP 1
| #define HAVE_FCHDIR 1
| #define HAVE_FCHOWN 1
| #define HAVE_FSYNC 1
| #define HAVE_GETCWD 1
| #define HAVE_GETPWENT 1
| #define HAVE_GETPWNAM 1
| #define HAVE_GETPWUID 1
| #define HAVE_GETRLIMIT 1
| #define HAVE_GETTIMEOFDAY 1
| #define HAVE_GETWD 1
| #define HAVE_LSTAT 1
| #define HAVE_MEMCMP 1
| #define HAVE_MEMSET 1
| #define HAVE_MKDTEMP 1
| #define HAVE_NANOSLEEP 1
| #define HAVE_OPENDIR 1
| #define HAVE_PUTENV 1
| #define HAVE_QSORT 1
| #define HAVE_READLINK 1
| #define HAVE_SELECT 1
| #define HAVE_SETENV 1
| #define HAVE_SETPGID 1
| #define HAVE_SETSID 1
| #define HAVE_SIGALTSTACK 1
| #define HAVE_SIGSTACK 1
| #define HAVE_SIGSET 1
| #define HAVE_SIGACTION 1
| #define HAVE_SIGVEC 1
| #define HAVE_STRCASECMP 1
| #define HAVE_STRERROR 1
| #define HAVE_STRFTIME 1
| #define HAVE_STRNCASECMP 1
| #define HAVE_STRPBRK 1
| #define HAVE_STRTOL 1
| #define HAVE_TGETENT 1
| #define HAVE_TOWLOWER 1
| #define HAVE_TOWUPPER 1
| #define HAVE_ISWUPPER 1
| #define HAVE_USLEEP 1
| #define HAVE_UTIME 1
| #define HAVE_UTIMES 1
| #define HAVE_FSEEKO 1
| #define HAVE_ST_BLKSIZE 1
| #define HAVE_ICONV 1
| #define HAVE_NL_LANGINFO_CODESET 1
| #define HAVE_LIBM 1
| #define HAVE_FLOAT_FUNCS 1
| /* end confdefs.h.  */
| 
| #if STDC_HEADERS
| # include <stdlib.h>
| # include <stddef.h>
| #endif
| #ifdef HAVE_SYS_ACL_H
| # include <sys/acl.h>
| #endif
| #ifdef HAVE_SYS_ACCESS_H
| # include <sys/access.h>
| #endif
| #define _ALL_SOURCE
| 
| #include <sys/stat.h>
| 
| int aclsize;
| struct acl *aclent;
| int
| main ()
| {
| aclsize = sizeof(struct acl);
| 	aclent = (void *)malloc(aclsize);
| 	statacl("foo", STX_NORMAL, aclent, aclsize);
| 
|   ;
|   return 0;
| }
configure:11880: result: no
configure:11890: checking --disable-gpm argument
configure:11901: result: no
configure:11903: checking for gpm
configure:11931: result: no
configure:11943: checking --disable-sysmouse argument
configure:11954: result: no
configure:11956: checking for sysmouse
configure:11987: result: no
configure:11998: checking for FD_CLOEXEC
configure:12013: gcc -c -g -O2  conftest.c >&5
configure:12013: $? = 0
configure:12014: result: yes
configure:12023: checking for rename
configure:12036: gcc -o conftest -g -O2   -L/usr/local/lib conftest.c -lm -lncurses -lnsl  -lselinux  >&5
configure:12036: $? = 0
configure:12037: result: yes
configure:12047: checking for sysctl
configure:12068: gcc -c -g -O2  conftest.c >&5
conftest.c: In function 'main':
conftest.c:134: error: 'CTL_HW' undeclared (first use in this function)
conftest.c:134: error: (Each undeclared identifier is reported only once
conftest.c:134: error: for each function it appears in.)
conftest.c:135: error: 'HW_USERMEM' undeclared (first use in this function)
configure:12068: $? = 1
configure: failed program was:
| /* confdefs.h */
| #define PACKAGE_NAME ""
| #define PACKAGE_TARNAME ""
| #define PACKAGE_VERSION ""
| #define PACKAGE_STRING ""
| #define PACKAGE_BUGREPORT ""
| #define PACKAGE_URL ""
| #define UNIX 1
| #define STDC_HEADERS 1
| #define HAVE_SYS_WAIT_H 1
| #define HAVE_SELINUX 1
| #define FEAT_HUGE 1
| #define USE_XSMP_INTERACT 1
| #define FEAT_LUA 1
| #define FEAT_PYTHON 1
| #define FEAT_CSCOPE 1
| #define HAVE_LIBNSL 1
| #define FEAT_NETBEANS_INTG 1
| #define HAVE_X11 1
| #define HAVE_GTK_MULTIHEAD 1
| #define HAVE_X11_SM_SMLIB_H 1
| #define HAVE_X11_XPM_H 1
| #define HAVE_X11_SUNKEYSYM_H 1
| #define FEAT_XIM 1
| #define HAVE_DATE_TIME 1
| #define HAVE_ATTRIBUTE_UNUSED 1
| #define HAVE_DIRENT_H 1
| #define HAVE_STDARG_H 1
| #define HAVE_STDINT_H 1
| #define HAVE_STDLIB_H 1
| #define HAVE_STRING_H 1
| #define HAVE_SYS_SELECT_H 1
| #define HAVE_SYS_UTSNAME_H 1
| #define HAVE_TERMCAP_H 1
| #define HAVE_FCNTL_H 1
| #define HAVE_SGTTY_H 1
| #define HAVE_SYS_IOCTL_H 1
| #define HAVE_SYS_TIME_H 1
| #define HAVE_SYS_TYPES_H 1
| #define HAVE_TERMIO_H 1
| #define HAVE_ICONV_H 1
| #define HAVE_INTTYPES_H 1
| #define HAVE_LANGINFO_H 1
| #define HAVE_MATH_H 1
| #define HAVE_UNISTD_H 1
| #define HAVE_STROPTS_H 1
| #define HAVE_ERRNO_H 1
| #define HAVE_SYS_RESOURCE_H 1
| #define HAVE_LOCALE_H 1
| #define HAVE_TERMIOS_H 1
| #define HAVE_SYS_STATFS_H 1
| #define HAVE_POLL_H 1
| #define HAVE_SYS_POLL_H 1
| #define HAVE_PWD_H 1
| #define HAVE_UTIME_H 1
| #define HAVE_SYS_PARAM_H 1
| #define HAVE_LIBINTL_H 1
| #define HAVE_LIBGEN_H 1
| #define HAVE_SYS_SYSINFO_H 1
| #define HAVE_WCHAR_H 1
| #define HAVE_WCTYPE_H 1
| #define HAVE_SYS_SYSCTL_H 1
| #define HAVE_STRINGS_H 1
| #define TIME_WITH_SYS_TIME 1
| #define HAVE_LIBNCURSES 1
| #define TERMINFO 1
| #define TGETENT_ZERO_ERR 0
| #define HAVE_OSPEED 1
| #define HAVE_UP_BC_PC 1
| #define SYS_SELECT_WITH_SYS_TIME 1
| #define HAVE_SVR4_PTYS 1
| #define RETSIGTYPE void
| #define SIGRETURN return
| #define HAVE_SIGCONTEXT 1
| #define HAVE_BCMP 1
| #define HAVE_FCHDIR 1
| #define HAVE_FCHOWN 1
| #define HAVE_FSYNC 1
| #define HAVE_GETCWD 1
| #define HAVE_GETPWENT 1
| #define HAVE_GETPWNAM 1
| #define HAVE_GETPWUID 1
| #define HAVE_GETRLIMIT 1
| #define HAVE_GETTIMEOFDAY 1
| #define HAVE_GETWD 1
| #define HAVE_LSTAT 1
| #define HAVE_MEMCMP 1
| #define HAVE_MEMSET 1
| #define HAVE_MKDTEMP 1
| #define HAVE_NANOSLEEP 1
| #define HAVE_OPENDIR 1
| #define HAVE_PUTENV 1
| #define HAVE_QSORT 1
| #define HAVE_READLINK 1
| #define HAVE_SELECT 1
| #define HAVE_SETENV 1
| #define HAVE_SETPGID 1
| #define HAVE_SETSID 1
| #define HAVE_SIGALTSTACK 1
| #define HAVE_SIGSTACK 1
| #define HAVE_SIGSET 1
| #define HAVE_SIGACTION 1
| #define HAVE_SIGVEC 1
| #define HAVE_STRCASECMP 1
| #define HAVE_STRERROR 1
| #define HAVE_STRFTIME 1
| #define HAVE_STRNCASECMP 1
| #define HAVE_STRPBRK 1
| #define HAVE_STRTOL 1
| #define HAVE_TGETENT 1
| #define HAVE_TOWLOWER 1
| #define HAVE_TOWUPPER 1
| #define HAVE_ISWUPPER 1
| #define HAVE_USLEEP 1
| #define HAVE_UTIME 1
| #define HAVE_UTIMES 1
| #define HAVE_FSEEKO 1
| #define HAVE_ST_BLKSIZE 1
| #define HAVE_ICONV 1
| #define HAVE_NL_LANGINFO_CODESET 1
| #define HAVE_LIBM 1
| #define HAVE_FLOAT_FUNCS 1
| #define HAVE_FD_CLOEXEC 1
| #define HAVE_RENAME 1
| /* end confdefs.h.  */
| #include <sys/types.h>
| #include <sys/sysctl.h>
| int
| main ()
| {
| 	int mib[2], r;
| 	size_t len;
| 
| 	mib[0] = CTL_HW;
| 	mib[1] = HW_USERMEM;
| 	len = sizeof(r);
| 	(void)sysctl(mib, 2, &r, &len, (void *)0, (size_t)0);
| 
|   ;
|   return 0;
| }
configure:12073: result: not usable
configure:12078: checking for sysinfo
configure:12097: gcc -c -g -O2  conftest.c >&5
configure:12097: $? = 0
configure:12098: result: yes
configure:12107: checking for sysinfo.mem_unit
configure:12123: gcc -c -g -O2  conftest.c >&5
configure:12123: $? = 0
configure:12124: result: yes
configure:12133: checking for sysconf
configure:12148: gcc -c -g -O2  conftest.c >&5
configure:12148: $? = 0
configure:12149: result: yes
configure:12162: checking size of int
configure:12182: result: 4
configure:12196: checking size of long
configure:12216: result: 8
configure:12230: checking size of time_t
configure:12250: result: 8
configure:12264: checking size of off_t
configure:12284: result: 8
configure:12295: checking uint32_t is 32 bits
configure:12317: gcc -o conftest -g -O2   -L/usr/local/lib conftest.c -lm -lncurses -lnsl  -lselinux  >&5
conftest.c: In function 'main':
conftest.c:143: warning: incompatible implicit declaration of built-in function 'exit'
configure:12317: $? = 0
configure:12317: ./conftest
configure:12317: $? = 0
configure:12318: result: ok
configure:12351: checking whether memmove handles overlaps
configure:12381: result: yes
configure:12526: checking for _xpg4_setrunelocale in -lxpg4
configure:12560: result: no
configure:12567: checking how to create tags
Exuberant Ctags 5.7, Copyright (C) 1996-2007 Darren Hiebert
configure:12587: result: ctags -I INIT+ --fields=+S
configure:12590: checking how to run man with a section nr
No manual entry for read
configure:12594: result: man
configure:12601: checking --disable-nls argument
configure:12612: result: no
configure:12622: checking for msgfmt
configure:12649: result: msgfmt
configure:12657: checking for NLS
configure:12673: gcc -o conftest -g -O2   -L/usr/local/lib conftest.c -lm -lncurses -lnsl  -lselinux  >&5
configure:12673: $? = 0
configure:12674: result: gettext() works
configure:12714: checking for bind_textdomain_codeset
configure:12714: result: yes
configure:12723: checking for _nl_msg_cat_cntr
configure:12737: gcc -o conftest -g -O2   -L/usr/local/lib conftest.c -lm -lncurses -lnsl  -lselinux  >&5
configure:12737: $? = 0
configure:12738: result: yes
configure:12757: checking for dlfcn.h
configure:12757: result: yes
configure:12774: checking for dlopen()
configure:12790: gcc -o conftest -g -O2   -L/usr/local/lib conftest.c -lm -lncurses -lnsl  -lselinux  >&5
configure:12790: $? = 0
configure:12791: result: yes
configure:12833: checking for dlsym()
configure:12849: gcc -o conftest -g -O2   -L/usr/local/lib conftest.c -lm -lncurses -lnsl  -lselinux  >&5
configure:12849: $? = 0
configure:12850: result: yes
configure:12958: checking for setjmp.h
configure:12958: result: yes
configure:12998: checking for GCC 3 or later
configure:13003: result: yes
configure:13009: checking whether we need -D_FORTIFY_SOURCE=1
configure:13013: result: yes
configure:13022: checking linker --as-needed support
configure:13031: result: yes
configure:13111: updating cache auto/config.cache
configure:13149: creating auto/config.status

## ---------------------- ##
## Running config.status. ##
## ---------------------- ##

This file was extended by config.status, which was
generated by GNU Autoconf 2.65.  Invocation command line was

  CONFIG_FILES    = 
  CONFIG_HEADERS  = 
  CONFIG_LINKS    = 
  CONFIG_COMMANDS = 
  $ auto/config.status 

on wangshuxiao-vm

config.status:1029: creating auto/config.mk
config.status:1029: creating auto/config.h

## ---------------- ##
## Cache variables. ##
## ---------------- ##

ac_cv_c_bigendian=no
ac_cv_c_compiler_gnu=yes
ac_cv_c_const=yes
ac_cv_c_uint32_t=yes
ac_cv_c_volatile=yes
ac_cv_env_CC_set=
ac_cv_env_CC_value=
ac_cv_env_CFLAGS_set=
ac_cv_env_CFLAGS_value=
ac_cv_env_CPPFLAGS_set=
ac_cv_env_CPPFLAGS_value=
ac_cv_env_CPP_set=
ac_cv_env_CPP_value=
ac_cv_env_LDFLAGS_set=
ac_cv_env_LDFLAGS_value=
ac_cv_env_LIBS_set=
ac_cv_env_LIBS_value=
ac_cv_env_XMKMF_set=
ac_cv_env_XMKMF_value=
ac_cv_env_build_alias_set=
ac_cv_env_build_alias_value=
ac_cv_env_host_alias_set=
ac_cv_env_host_alias_value=
ac_cv_env_target_alias_set=
ac_cv_env_target_alias_value=
ac_cv_func_bcmp=yes
ac_cv_func_bind_textdomain_codeset=yes
ac_cv_func_connect=yes
ac_cv_func_fchdir=yes
ac_cv_func_fchown=yes
ac_cv_func_fsync=yes
ac_cv_func_getcwd=yes
ac_cv_func_gethostbyname=yes
ac_cv_func_getpseudotty=no
ac_cv_func_getpwent=yes
ac_cv_func_getpwnam=yes
ac_cv_func_getpwuid=yes
ac_cv_func_getrlimit=yes
ac_cv_func_gettimeofday=yes
ac_cv_func_getwd=yes
ac_cv_func_iswupper=yes
ac_cv_func_lstat=yes
ac_cv_func_memcmp=yes
ac_cv_func_memset=yes
ac_cv_func_mkdtemp=yes
ac_cv_func_nanosleep=yes
ac_cv_func_opendir=yes
ac_cv_func_putenv=yes
ac_cv_func_qsort=yes
ac_cv_func_readlink=yes
ac_cv_func_remove=yes
ac_cv_func_select=yes
ac_cv_func_setenv=yes
ac_cv_func_setpgid=yes
ac_cv_func_setsid=yes
ac_cv_func_shmat=yes
ac_cv_func_sigaction=yes
ac_cv_func_sigaltstack=yes
ac_cv_func_sigset=yes
ac_cv_func_sigsetjmp=no
ac_cv_func_sigstack=yes
ac_cv_func_sigvec=yes
ac_cv_func_strcasecmp=yes
ac_cv_func_strerror=yes
ac_cv_func_strftime=yes
ac_cv_func_stricmp=no
ac_cv_func_strncasecmp=yes
ac_cv_func_strnicmp=no
ac_cv_func_strpbrk=yes
ac_cv_func_strtol=yes
ac_cv_func_tgetent=yes
ac_cv_func_towlower=yes
ac_cv_func_towupper=yes
ac_cv_func_usleep=yes
ac_cv_func_utime=yes
ac_cv_func_utimes=yes
ac_cv_have_x='have_x=yes	ac_x_includes='\'''\''	ac_x_libraries='\'''\'''
ac_cv_header_X11_SM_SMlib_h=yes
ac_cv_header_X11_Sunkeysym_h=yes
ac_cv_header_X11_xpm_h=yes
ac_cv_header_dirent_dirent_h=yes
ac_cv_header_dlfcn_h=yes
ac_cv_header_elf_h=yes
ac_cv_header_errno_h=yes
ac_cv_header_fcntl_h=yes
ac_cv_header_frame_h=no
ac_cv_header_iconv_h=yes
ac_cv_header_inttypes_h=yes
ac_cv_header_langinfo_h=yes
ac_cv_header_libc_h=no
ac_cv_header_libgen_h=yes
ac_cv_header_libintl_h=yes
ac_cv_header_locale_h=yes
ac_cv_header_math_h=yes
ac_cv_header_poll_h=yes
ac_cv_header_pwd_h=yes
ac_cv_header_setjmp_h=yes
ac_cv_header_sgtty_h=yes
ac_cv_header_stdarg_h=yes
ac_cv_header_stdc=yes
ac_cv_header_stdint_h=yes
ac_cv_header_stdlib_h=yes
ac_cv_header_string_h=yes
ac_cv_header_strings_h=yes
ac_cv_header_stropts_h=yes
ac_cv_header_sys_access_h=no
ac_cv_header_sys_acl_h=no
ac_cv_header_sys_ioctl_h=yes
ac_cv_header_sys_param_h=yes
ac_cv_header_sys_poll_h=yes
ac_cv_header_sys_ptem_h=no
ac_cv_header_sys_resource_h=yes
ac_cv_header_sys_select_h=yes
ac_cv_header_sys_statfs_h=yes
ac_cv_header_sys_stream_h=no
ac_cv_header_sys_sysctl_h=yes
ac_cv_header_sys_sysinfo_h=yes
ac_cv_header_sys_systeminfo_h=no
ac_cv_header_sys_time_h=yes
ac_cv_header_sys_types_h=yes
ac_cv_header_sys_utsname_h=yes
ac_cv_header_sys_wait_h=yes
ac_cv_header_termcap_h=yes
ac_cv_header_termio_h=yes
ac_cv_header_termios_h=yes
ac_cv_header_time=yes
ac_cv_header_unistd_h=yes
ac_cv_header_util_debug_h=no
ac_cv_header_util_msg18n_h=no
ac_cv_header_utime_h=yes
ac_cv_header_wchar_h=yes
ac_cv_header_wctype_h=yes
ac_cv_lib_ICE_IceConnectionNumber=yes
ac_cv_lib_ICE_IceOpenConnection=yes
ac_cv_lib_Xdmcp__XdmcpAuthDoIt=yes
ac_cv_lib_Xpm_XpmCreatePixmapFromData=yes
ac_cv_lib_acl_acl_get_file=no
ac_cv_lib_elf_main=no
ac_cv_lib_m_strtod=yes
ac_cv_lib_ncurses___tgetent=yes
ac_cv_lib_nsl_gethostbyname=yes
ac_cv_lib_posix1e_acl_get_file=no
ac_cv_lib_sec_acl_get=no
ac_cv_lib_selinux_is_selinux_enabled=yes
ac_cv_lib_socket_socket=no
ac_cv_lib_tinfo___tgetent=no
ac_cv_lib_xpg4__xpg4_setrunelocale=no
ac_cv_objext=o
ac_cv_path_EGREP='/bin/grep -E'
ac_cv_path_GREP=/bin/grep
ac_cv_path_PKG_CONFIG=/usr/bin/pkg-config
ac_cv_path_vi_cv_path_perl=/usr/bin/perl
ac_cv_path_vi_cv_path_plain_lua=/usr/bin/lua
ac_cv_path_vi_cv_path_python=/usr/bin/python
ac_cv_prog_AWK=mawk
ac_cv_prog_CPP='gcc -E'
ac_cv_prog_MSGFMT=msgfmt
ac_cv_prog_STRIP=strip
ac_cv_prog_ac_ct_CC=gcc
ac_cv_prog_cc_c89=
ac_cv_prog_cc_g=yes
ac_cv_prog_gcc_traditional=no
ac_cv_prog_make_make_set=yes
ac_cv_search_opendir='none required'
ac_cv_search_strerror='none required'
ac_cv_sizeof_int=4
ac_cv_sizeof_long=8
ac_cv_sizeof_off_t=8
ac_cv_sizeof_time_t=8
ac_cv_small_wchar_t=no
ac_cv_sys_file_offset_bits=no
ac_cv_sys_largefile_CC=no
ac_cv_sys_largefile_source=no
ac_cv_type_dev_t=yes
ac_cv_type_ino_t=yes
ac_cv_type_mode_t=yes
ac_cv_type_off_t=yes
ac_cv_type_pid_t=yes
ac_cv_type_rlim_t=yes
ac_cv_type_signal=void
ac_cv_type_size_t=yes
ac_cv_type_stack_t=yes
ac_cv_type_uid_t=yes
cf_cv_ebcdic=no
vi_cv_have_gpm=no
vi_cv_have_sysmouse=no
vi_cv_path_lua=/usr/bin/lua
vi_cv_path_lua_pfx=/usr/
vi_cv_path_perl=/usr/bin/perl
vi_cv_path_plain_lua=/usr/bin/lua
vi_cv_path_python=/usr/bin/python
vi_cv_path_python_conf=/usr/lib/python2.7-config
vi_cv_path_python_epfx=/usr
vi_cv_path_python_pfx=/usr
vi_cv_path_python_plibs='-L/usr/lib/python2.7-config -lpython2.6'
vi_cv_path_pythonpath=:/usr/lib/python2.6:/usr/lib/python2.6/plat-linux2:/usr/lib/python2.6/lib-tk:/usr/lib/python2.6/lib-old:/usr/lib/python2.6/lib-dynload:/usr/lib/python2.6/dist-packages:/usr/lib/python2.6/dist-packages/PIL:/usr/lib/python2.6/dist-packages/gst-0.10:/var/lib/python-support/python2.6:/usr/lib/python2.6/dist-packages/gtk-2.0:/var/lib/python-support/python2.6/gtk-2.0:/usr/local/lib/python2.6/dist-packages
vi_cv_path_ruby=
vi_cv_perllib=/usr/share/perl/5.10
vi_cv_var_python_version=2.6
vi_cv_version_lua=5.1
vi_cv_version_plain_lua=5.1
vi_cv_with_luajit=no
vim_cv_getcwd_broken=no
vim_cv_memmove_handles_overlap=yes
vim_cv_stat_ignores_slash=no
vim_cv_terminfo=yes
vim_cv_tgent=zero
vim_cv_toupper_broken=no
vim_cv_tty_group=world

## ----------------- ##
## Output variables. ##
## ----------------- ##

AWK='mawk'
CC='gcc'
CFLAGS='-g -O2 -U_FORTIFY_SOURCE -D_FORTIFY_SOURCE=1'
CPP='gcc -E'
CPPFLAGS=''
CPP_MM='M'
DEFS='-DHAVE_CONFIG_H'
DEPEND_CFLAGS_FILTER='| sed '\''s+-I */+-isystem /+g'\'''
ECHO_C=''
ECHO_N='-n'
ECHO_T=''
EGREP='/bin/grep -E'
EXEEXT=''
EXNAME='ex'
GNOME_INCLUDEDIR=''
GNOME_LIBDIR=''
GNOME_LIBS=''
GREP='/bin/grep'
GTK_CFLAGS='-D_REENTRANT -I/usr/include/gtk-2.0 -I/usr/lib/gtk-2.0/include -I/usr/include/atk-1.0 -I/usr/include/cairo -I/usr/include/pango-1.0 -I/usr/include/pixman-1 -I/usr/include/freetype2 -I/usr/include/directfb -I/usr/include/libpng12 -I/usr/include/glib-2.0 -I/usr/lib/glib-2.0/include  '
GTK_LIBNAME='-lgtk-x11-2.0 -lgdk-x11-2.0 -latk-1.0 -lpangoft2-1.0 -lgdk_pixbuf-2.0 -lm -lpangocairo-1.0 -lgio-2.0 -lcairo -lpango-1.0 -lfreetype -lfontconfig -lgobject-2.0 -lgmodule-2.0 -lglib-2.0  '
GTK_LIBS='-lgtk-x11-2.0 -lgdk-x11-2.0 -latk-1.0 -lpangoft2-1.0 -lgdk_pixbuf-2.0 -lm -lpangocairo-1.0 -lgio-2.0 -lcairo -lpango-1.0 -lfreetype -lfontconfig -lgobject-2.0 -lgmodule-2.0 -lglib-2.0  '
GUITYPE='GTK'
GUI_INC_LOC='-D_REENTRANT -I/usr/include/gtk-2.0 -I/usr/lib/gtk-2.0/include -I/usr/include/atk-1.0 -I/usr/include/cairo -I/usr/include/pango-1.0 -I/usr/include/pixman-1 -I/usr/include/freetype2 -I/usr/include/directfb -I/usr/include/libpng12 -I/usr/include/glib-2.0 -I/usr/lib/glib-2.0/include  '
GUI_LIB_LOC=' '
GUI_X_LIBS=''
HANGULIN_OBJ=''
HANGULIN_SRC=''
INSTALL_LANGS='install-languages'
INSTALL_TOOL_LANGS='install-tool-languages'
LDFLAGS=' -L/usr/local/lib -Wl,--as-needed'
LIBOBJS=''
LIBS='-lm -lncurses -lnsl  -lselinux '
LINK_AS_NEEDED='yes'
LTLIBOBJS=''
LUA_CFLAGS='-I/usr//include/lua5.1'
LUA_LIBS='-L/usr//lib -llua5.1'
LUA_OBJ='objects/if_lua.o'
LUA_PRO='if_lua.pro'
LUA_SRC='if_lua.c'
MAKEMO='yes'
MOTIF_LIBNAME=''
MSGFMT='msgfmt'
MZSCHEME_CFLAGS=''
MZSCHEME_EXTRA=''
MZSCHEME_LIBS=''
MZSCHEME_MZC=''
MZSCHEME_OBJ=''
MZSCHEME_PRO=''
MZSCHEME_SRC=''
NARROW_PROTO=''
NETBEANS_OBJ='objects/netbeans.o'
NETBEANS_SRC='netbeans.c'
OBJEXT='o'
OS_EXTRA_OBJ=''
OS_EXTRA_SRC=''
PACKAGE_BUGREPORT=''
PACKAGE_NAME=''
PACKAGE_STRING=''
PACKAGE_TARNAME=''
PACKAGE_URL=''
PACKAGE_VERSION=''
PATH_SEPARATOR=':'
PERL_CFLAGS=''
PERL_LIBS=''
PERL_OBJ=''
PERL_PRO=''
PERL_SRC=''
PKG_CONFIG='/usr/bin/pkg-config'
PYTHON3_CFLAGS=''
PYTHON3_CONFDIR=''
PYTHON3_LIBS=''
PYTHON3_OBJ=''
PYTHON3_SRC=''
PYTHON_CFLAGS='-I/usr/include/python2.6 -DPYTHON_HOME='\''"/usr"'\'' -pthread -fPIE'
PYTHON_CONFDIR='/usr/lib/python2.7-config'
PYTHON_GETPATH_CFLAGS='-DPYTHONPATH='\''":/usr/lib/python2.6:/usr/lib/python2.6/plat-linux2:/usr/lib/python2.6/lib-tk:/usr/lib/python2.6/lib-old:/usr/lib/python2.6/lib-dynload:/usr/lib/python2.6/dist-packages:/usr/lib/python2.6/dist-packages/PIL:/usr/lib/python2.6/dist-packages/gst-0.10:/var/lib/python-support/python2.6:/usr/lib/python2.6/dist-packages/gtk-2.0:/var/lib/python-support/python2.6/gtk-2.0:/usr/local/lib/python2.6/dist-packages"'\'' -DPREFIX='\''"/usr"'\'' -DEXEC_PREFIX='\''"/usr"'\'''
PYTHON_LIBS='-L/usr/lib/python2.7-config -lpython2.6'
PYTHON_OBJ='objects/if_python.o'
PYTHON_SRC='if_python.c'
QUOTESED='sed -e '\''s/[\\"]/\\&/g'\'' -e '\''s/\\"/"/'\'' -e '\''s/\\";$$/";/'\'''
RUBY_CFLAGS=''
RUBY_LIBS=''
RUBY_OBJ=''
RUBY_PRO=''
RUBY_SRC=''
SET_MAKE=''
SHELL='/bin/bash'
SNIFF_OBJ=''
SNIFF_SRC=''
STRIP='strip'
TAGPRG='ctags -I INIT+ --fields=+S'
TCL_CFLAGS=''
TCL_LIBS=''
TCL_OBJ=''
TCL_PRO=''
TCL_SRC=''
VIEWNAME='view'
VIMNAME='vim'
WORKSHOP_OBJ=''
WORKSHOP_SRC=''
XCODE_SELECT=''
XMKMF=''
X_CFLAGS=' '
X_EXTRA_LIBS=' -lXdmcp -lSM -lICE'
X_LIB='-lXt -lX11'
X_LIBS=' '
X_PRE_LIBS=' -lSM -lICE -lXpm'
ac_ct_CC='gcc'
bindir='${exec_prefix}/bin'
build_alias=''
compiledby=''
datadir='${datarootdir}'
datarootdir='${prefix}/share'
docdir='${datarootdir}/doc/${PACKAGE}'
dogvimdiff='installgvimdiff'
dovimdiff='installvimdiff'
dvidir='${docdir}'
exec_prefix='${prefix}'
host_alias=''
htmldir='${docdir}'
includedir='${prefix}/include'
infodir='${datarootdir}/info'
libdir='${exec_prefix}/lib'
libexecdir='${exec_prefix}/libexec'
line_break='"\\012"'
localedir='${datarootdir}/locale'
localstatedir='${prefix}/var'
mandir='${datarootdir}/man'
oldincludedir='/usr/include'
pdfdir='${docdir}'
prefix='/usr'
program_transform_name='s,x,x,'
psdir='${docdir}'
sbindir='${exec_prefix}/sbin'
sharedstatedir='${prefix}/com'
shrpenv=''
sysconfdir='${prefix}/etc'
target_alias=''
vi_cv_path_lua='/usr/bin/lua'
vi_cv_path_luajit=''
vi_cv_path_mzscheme=''
vi_cv_path_perl='/usr/bin/perl'
vi_cv_path_plain_lua='/usr/bin/lua'
vi_cv_path_python3=''
vi_cv_path_python='/usr/bin/python'
vi_cv_path_ruby=''
vi_cv_path_tcl=''
vi_cv_perllib='/usr/share/perl/5.10'
xmkmfpath=''

## ----------- ##
## confdefs.h. ##
## ----------- ##

/* confdefs.h */
#define PACKAGE_NAME ""
#define PACKAGE_TARNAME ""
#define PACKAGE_VERSION ""
#define PACKAGE_STRING ""
#define PACKAGE_BUGREPORT ""
#define PACKAGE_URL ""
#define UNIX 1
#define STDC_HEADERS 1
#define HAVE_SYS_WAIT_H 1
#define HAVE_SELINUX 1
#define FEAT_HUGE 1
#define USE_XSMP_INTERACT 1
#define FEAT_LUA 1
#define FEAT_PYTHON 1
#define FEAT_CSCOPE 1
#define HAVE_LIBNSL 1
#define FEAT_NETBEANS_INTG 1
#define HAVE_X11 1
#define HAVE_GTK_MULTIHEAD 1
#define HAVE_X11_SM_SMLIB_H 1
#define HAVE_X11_XPM_H 1
#define HAVE_X11_SUNKEYSYM_H 1
#define FEAT_XIM 1
#define HAVE_DATE_TIME 1
#define HAVE_ATTRIBUTE_UNUSED 1
#define HAVE_DIRENT_H 1
#define HAVE_STDARG_H 1
#define HAVE_STDINT_H 1
#define HAVE_STDLIB_H 1
#define HAVE_STRING_H 1
#define HAVE_SYS_SELECT_H 1
#define HAVE_SYS_UTSNAME_H 1
#define HAVE_TERMCAP_H 1
#define HAVE_FCNTL_H 1
#define HAVE_SGTTY_H 1
#define HAVE_SYS_IOCTL_H 1
#define HAVE_SYS_TIME_H 1
#define HAVE_SYS_TYPES_H 1
#define HAVE_TERMIO_H 1
#define HAVE_ICONV_H 1
#define HAVE_INTTYPES_H 1
#define HAVE_LANGINFO_H 1
#define HAVE_MATH_H 1
#define HAVE_UNISTD_H 1
#define HAVE_STROPTS_H 1
#define HAVE_ERRNO_H 1
#define HAVE_SYS_RESOURCE_H 1
#define HAVE_LOCALE_H 1
#define HAVE_TERMIOS_H 1
#define HAVE_SYS_STATFS_H 1
#define HAVE_POLL_H 1
#define HAVE_SYS_POLL_H 1
#define HAVE_PWD_H 1
#define HAVE_UTIME_H 1
#define HAVE_SYS_PARAM_H 1
#define HAVE_LIBINTL_H 1
#define HAVE_LIBGEN_H 1
#define HAVE_SYS_SYSINFO_H 1
#define HAVE_WCHAR_H 1
#define HAVE_WCTYPE_H 1
#define HAVE_SYS_SYSCTL_H 1
#define HAVE_STRINGS_H 1
#define TIME_WITH_SYS_TIME 1
#define HAVE_LIBNCURSES 1
#define TERMINFO 1
#define TGETENT_ZERO_ERR 0
#define HAVE_OSPEED 1
#define HAVE_UP_BC_PC 1
#define SYS_SELECT_WITH_SYS_TIME 1
#define HAVE_SVR4_PTYS 1
#define RETSIGTYPE void
#define SIGRETURN return
#define HAVE_SIGCONTEXT 1
#define HAVE_BCMP 1
#define HAVE_FCHDIR 1
#define HAVE_FCHOWN 1
#define HAVE_FSYNC 1
#define HAVE_GETCWD 1
#define HAVE_GETPWENT 1
#define HAVE_GETPWNAM 1
#define HAVE_GETPWUID 1
#define HAVE_GETRLIMIT 1
#define HAVE_GETTIMEOFDAY 1
#define HAVE_GETWD 1
#define HAVE_LSTAT 1
#define HAVE_MEMCMP 1
#define HAVE_MEMSET 1
#define HAVE_MKDTEMP 1
#define HAVE_NANOSLEEP 1
#define HAVE_OPENDIR 1
#define HAVE_PUTENV 1
#define HAVE_QSORT 1
#define HAVE_READLINK 1
#define HAVE_SELECT 1
#define HAVE_SETENV 1
#define HAVE_SETPGID 1
#define HAVE_SETSID 1
#define HAVE_SIGALTSTACK 1
#define HAVE_SIGSTACK 1
#define HAVE_SIGSET 1
#define HAVE_SIGACTION 1
#define HAVE_SIGVEC 1
#define HAVE_STRCASECMP 1
#define HAVE_STRERROR 1
#define HAVE_STRFTIME 1
#define HAVE_STRNCASECMP 1
#define HAVE_STRPBRK 1
#define HAVE_STRTOL 1
#define HAVE_TGETENT 1
#define HAVE_TOWLOWER 1
#define HAVE_TOWUPPER 1
#define HAVE_ISWUPPER 1
#define HAVE_USLEEP 1
#define HAVE_UTIME 1
#define HAVE_UTIMES 1
#define HAVE_FSEEKO 1
#define HAVE_ST_BLKSIZE 1
#define HAVE_ICONV 1
#define HAVE_NL_LANGINFO_CODESET 1
#define HAVE_LIBM 1
#define HAVE_FLOAT_FUNCS 1
#define HAVE_FD_CLOEXEC 1
#define HAVE_RENAME 1
#define HAVE_SYSINFO 1
#define HAVE_SYSINFO_MEM_UNIT 1
#define HAVE_SYSCONF 1
#define SIZEOF_INT 4
#define SIZEOF_LONG 8
#define SIZEOF_TIME_T 8
#define SIZEOF_OFF_T 8
#define USEMEMMOVE 1
#define HAVE_GETTEXT 1
#define HAVE_BIND_TEXTDOMAIN_CODESET 1
#define HAVE_NL_MSG_CAT_CNTR 1
#define HAVE_DLFCN_H 1
#define HAVE_DLOPEN 1
#define HAVE_DLSYM 1
#define HAVE_SETJMP_H 1

configure: exit 0
